[2025-12-05 12:38:34] [INFO] [master_invoice_mvp] Sync iniciado {"master_id":"recTkgptl5zIRfCfL"}
[2025-12-05 12:38:36] [ERROR] [master_invoice_mvp] Error reading operation rec1uarCKHVVuytDv: Airtable HTTP error 403: {"error":{"type":"INVALID_PERMISSIONS_OR_MODEL_NOT_FOUND","message":"Invalid permissions, or the requested model was not found. Check that both your user and your token have the required permissions, and that the model names and/or ids are correct."}} 
[2025-12-05 12:38:37] [ERROR] [master_invoice_mvp] Error reading operation rec40tDBs9Gfh4eYY: Airtable HTTP error 403: {"error":{"type":"INVALID_PERMISSIONS_OR_MODEL_NOT_FOUND","message":"Invalid permissions, or the requested model was not found. Check that both your user and your token have the required permissions, and that the model names and/or ids are correct."}} 
[2025-12-05 12:38:38] [ERROR] [master_invoice_mvp] Error reading operation recAzrsIkKZSUgttJ: Airtable HTTP error 403: {"error":{"type":"INVALID_PERMISSIONS_OR_MODEL_NOT_FOUND","message":"Invalid permissions, or the requested model was not found. Check that both your user and your token have the required permissions, and that the model names and/or ids are correct."}} 
[2025-12-05 12:38:38] [ERROR] [master_invoice_mvp] Error reading operation recCPiqQVfc3H4esg: Airtable HTTP error 403: {"error":{"type":"INVALID_PERMISSIONS_OR_MODEL_NOT_FOUND","message":"Invalid permissions, or the requested model was not found. Check that both your user and your token have the required permissions, and that the model names and/or ids are correct."}} 
[2025-12-05 12:38:39] [ERROR] [master_invoice_mvp] Error reading operation recMHhbmbTR8u7uMa: Airtable HTTP error 403: {"error":{"type":"INVALID_PERMISSIONS_OR_MODEL_NOT_FOUND","message":"Invalid permissions, or the requested model was not found. Check that both your user and your token have the required permissions, and that the model names and/or ids are correct."}} 
[2025-12-05 12:38:40] [ERROR] [master_invoice_mvp] Error reading operation recRBCCqJ0DaCFE3T: Airtable HTTP error 403: {"error":{"type":"INVALID_PERMISSIONS_OR_MODEL_NOT_FOUND","message":"Invalid permissions, or the requested model was not found. Check that both your user and your token have the required permissions, and that the model names and/or ids are correct."}} 
[2025-12-05 12:38:41] [ERROR] [master_invoice_mvp] Error reading operation recS6SBnKMM3iZOQk: Airtable HTTP error 403: {"error":{"type":"INVALID_PERMISSIONS_OR_MODEL_NOT_FOUND","message":"Invalid permissions, or the requested model was not found. Check that both your user and your token have the required permissions, and that the model names and/or ids are correct."}} 
[2025-12-05 12:38:42] [ERROR] [master_invoice_mvp] Error reading operation rece92phKBF5pWW6h: Airtable HTTP error 403: {"error":{"type":"INVALID_PERMISSIONS_OR_MODEL_NOT_FOUND","message":"Invalid permissions, or the requested model was not found. Check that both your user and your token have the required permissions, and that the model names and/or ids are correct."}} 
[2025-12-05 12:38:42] [ERROR] [master_invoice_mvp] Error reading operation recmkJrghvAtOluiu: Airtable HTTP error 403: {"error":{"type":"INVALID_PERMISSIONS_OR_MODEL_NOT_FOUND","message":"Invalid permissions, or the requested model was not found. Check that both your user and your token have the required permissions, and that the model names and/or ids are correct."}} 
[2025-12-05 12:38:43] [ERROR] [master_invoice_mvp] Error reading operation reco02rMHI6XvMvDA: Airtable HTTP error 403: {"error":{"type":"INVALID_PERMISSIONS_OR_MODEL_NOT_FOUND","message":"Invalid permissions, or the requested model was not found. Check that both your user and your token have the required permissions, and that the model names and/or ids are correct."}} 
[2025-12-05 12:38:44] [ERROR] [master_invoice_mvp] Error reading operation recDiIqoR27405N0O: Airtable HTTP error 403: {"error":{"type":"INVALID_PERMISSIONS_OR_MODEL_NOT_FOUND","message":"Invalid permissions, or the requested model was not found. Check that both your user and your token have the required permissions, and that the model names and/or ids are correct."}} 
[2025-12-05 12:38:45] [ERROR] [master_invoice_mvp] Error reading operation recUToRJRO5LmKCpx: Airtable HTTP error 403: {"error":{"type":"INVALID_PERMISSIONS_OR_MODEL_NOT_FOUND","message":"Invalid permissions, or the requested model was not found. Check that both your user and your token have the required permissions, and that the model names and/or ids are correct."}} 
[2025-12-05 12:38:47] [ERROR] [master_invoice_mvp] Error creating invoice: Failed to create invoice: {"jsonrpc":"2.0","id":"6932d256ef326","error":{"code":0,"message":"Odoo Server Error","data":{"name":"odoo.exceptions.MissingError","message":"Record does not exist or has been deleted.\n(Record: product.product(44,), User: 2)","arguments":["Record does not exist or has been deleted.\n(Record: product.product(44,), User: 2)"],"context":[],"debug":"Traceback (most recent call last):\n  File \"\/home\/odoo\/src\/odoo\/19.0\/odoo\/http.py\", line 2275, in _serve_db\n    return service_model.retrying(serve_func, env=self.env)\n           ^^^^^^^^^^^^^^^^^^^^^^^^^^^^^^^^^^^^^^^^^^^^^^^^\n  File \"\/home\/odoo\/src\/odoo\/19.0\/odoo\/service\/model.py\", line 184, in retrying\n    result = func()\n             ^^^^^^\n  File \"\/home\/odoo\/src\/odoo\/19.0\/odoo\/http.py\", line 2330, in _serve_ir_http\n    response = self.dispatcher.dispatch(rule.endpoint, args)\n               ^^^^^^^^^^^^^^^^^^^^^^^^^^^^^^^^^^^^^^^^^^^^^\n  File \"\/home\/odoo\/src\/odoo\/19.0\/odoo\/http.py\", line 2545, in dispatch\n    result = self.request.registry['ir.http']._dispatch(endpoint)\n             ^^^^^^^^^^^^^^^^^^^^^^^^^^^^^^^^^^^^^^^^^^^^^^^^^^^^\n  File \"\/home\/odoo\/src\/odoo\/19.0\/odoo\/addons\/base\/models\/ir_http.py\", line 355, in _dispatch\n    result = endpoint(**request.params)\n             ^^^^^^^^^^^^^^^^^^^^^^^^^^\n  File \"\/home\/odoo\/src\/odoo\/19.0\/odoo\/http.py\", line 788, in route_wrapper\n    result = endpoint(self, *args, **params_ok)\n             ^^^^^^^^^^^^^^^^^^^^^^^^^^^^^^^^^^\n  File \"\/home\/odoo\/src\/custom\/trial\/saas_trial\/controllers\/main.py\", line 460, in jsonrpc\n    res = super().jsonrpc(service, method, args)\n          ^^^^^^^^^^^^^^^^^^^^^^^^^^^^^^^^^^^^^^\n  File \"\/home\/odoo\/src\/odoo\/19.0\/odoo\/http.py\", line 788, in route_wrapper\n    result = endpoint(self, *args, **params_ok)\n             ^^^^^^^^^^^^^^^^^^^^^^^^^^^^^^^^^^\n  File \"\/home\/odoo\/src\/odoo\/19.0\/addons\/rpc\/controllers\/jsonrpc.py\", line 16, in jsonrpc\n    return dispatch_rpc(service, method, args)\n           ^^^^^^^^^^^^^^^^^^^^^^^^^^^^^^^^^^^\n  File \"\/home\/odoo\/src\/odoo\/19.0\/odoo\/http.py\", line 439, in dispatch_rpc\n    return dispatch(method, params)\n           ^^^^^^^^^^^^^^^^^^^^^^^^\n  File \"\/home\/odoo\/src\/odoo\/19.0\/odoo\/service\/model.py\", line 129, in dispatch\n    res = execute_cr(cr, uid, model, method_, args, kw)\n          ^^^^^^^^^^^^^^^^^^^^^^^^^^^^^^^^^^^^^^^^^^^^^\n  File \"\/home\/odoo\/src\/odoo\/19.0\/odoo\/service\/model.py\", line 146, in execute_cr\n    result = retrying(partial(call_kw, recs, method, args, kw), env)\n             ^^^^^^^^^^^^^^^^^^^^^^^^^^^^^^^^^^^^^^^^^^^^^^^^^^^^^^^\n  File \"\/home\/odoo\/src\/odoo\/19.0\/odoo\/service\/model.py\", line 184, in retrying\n    result = func()\n             ^^^^^^\n  File \"\/home\/odoo\/src\/odoo\/19.0\/odoo\/service\/model.py\", line 93, in call_kw\n    result = method(recs, *args, **kwargs)\n             ^^^^^^^^^^^^^^^^^^^^^^^^^^^^^\n  File \"\/home\/odoo\/src\/odoo\/19.0\/odoo\/orm\/decorators.py\", line 365, in create\n    return method(self, vals_list)\n           ^^^^^^^^^^^^^^^^^^^^^^^\n  File \"\/home\/odoo\/src\/odoo\/19.0\/addons\/account\/models\/account_move.py\", line 3809, in create\n    moves = super().create(vals_list)\n            ^^^^^^^^^^^^^^^^^^^^^^^^^\n  File \"\/home\/odoo\/src\/odoo\/19.0\/odoo\/orm\/decorators.py\", line 365, in create\n    return method(self, vals_list)\n           ^^^^^^^^^^^^^^^^^^^^^^^\n  File \"\/home\/odoo\/src\/odoo\/19.0\/addons\/mail\/models\/mail_thread.py\", line 327, in create\n    threads = super(MailThread, self).create(vals_list)\n              ^^^^^^^^^^^^^^^^^^^^^^^^^^^^^^^^^^^^^^^^^\n  File \"\/home\/odoo\/src\/odoo\/19.0\/odoo\/orm\/decorators.py\", line 365, in create\n    return method(self, vals_list)\n           ^^^^^^^^^^^^^^^^^^^^^^^\n  File \"\/home\/odoo\/src\/odoo\/19.0\/odoo\/orm\/models.py\", line 4706, in create\n    records = self._create(data_list)\n              ^^^^^^^^^^^^^^^^^^^^^^^\n  File \"\/home\/odoo\/src\/enterprise\/19.0\/ai_fields\/models\/models.py\", line 43, in _create\n    return super()._create(data_list)\n           ^^^^^^^^^^^^^^^^^^^^^^^^^^\n  File \"\/home\/odoo\/src\/odoo\/19.0\/odoo\/orm\/models.py\", line 4934, in _create\n    field.create([\n  File \"\/home\/odoo\/src\/odoo\/19.0\/odoo\/orm\/fields_relational.py\", line 728, in create\n    self.write_batch(record_values, True)\n  File \"\/home\/odoo\/src\/odoo\/19.0\/odoo\/orm\/fields_relational.py\", line 754, in write_batch\n    self.write_real(records_commands_list, create)\n  File \"\/home\/odoo\/src\/odoo\/19.0\/odoo\/orm\/fields_relational.py\", line 1037, in write_real\n    flush()\n  File \"\/home\/odoo\/src\/odoo\/19.0\/odoo\/orm\/fields_relational.py\", line 993, in flush\n    comodel.create(to_create)\n  File \"\/home\/odoo\/src\/odoo\/19.0\/odoo\/orm\/decorators.py\", line 365, in create\n    return method(self, vals_list)\n           ^^^^^^^^^^^^^^^^^^^^^^^\n  File \"\/home\/odoo\/src\/odoo\/19.0\/addons\/account\/models\/account_move_line.py\", line 1648, in create\n    lines = super().create([self._sanitize_vals(vals) for vals in vals_list])\n            ^^^^^^^^^^^^^^^^^^^^^^^^^^^^^^^^^^^^^^^^^^^^^^^^^^^^^^^^^^^^^^^^^\n  File \"\/home\/odoo\/src\/odoo\/19.0\/odoo\/orm\/decorators.py\", line 365, in create\n    return method(self, vals_list)\n           ^^^^^^^^^^^^^^^^^^^^^^^\n  File \"\/home\/odoo\/src\/odoo\/19.0\/addons\/analytic\/models\/analytic_mixin.py\", line 165, in create\n    return super().create(vals_list)\n           ^^^^^^^^^^^^^^^^^^^^^^^^^\n  File \"\/home\/odoo\/src\/odoo\/19.0\/odoo\/orm\/decorators.py\", line 365, in create\n    return method(self, vals_list)\n           ^^^^^^^^^^^^^^^^^^^^^^^\n  File \"\/home\/odoo\/src\/odoo\/19.0\/odoo\/orm\/models.py\", line 4654, in create\n    new_vals_list = self._prepare_create_values(vals_list)\n                    ^^^^^^^^^^^^^^^^^^^^^^^^^^^^^^^^^^^^^^\n  File \"\/home\/odoo\/src\/odoo\/19.0\/addons\/account\/models\/account_move_line.py\", line 1573, in _prepare_create_values\n    result_vals_list = super()._prepare_create_values(vals_list)\n                       ^^^^^^^^^^^^^^^^^^^^^^^^^^^^^^^^^^^^^^^^^\n  File \"\/home\/odoo\/src\/odoo\/19.0\/odoo\/orm\/models.py\", line 4805, in _prepare_create_values\n    self._add_precomputed_values(result_vals_list)\n  File \"\/home\/odoo\/src\/odoo\/19.0\/odoo\/orm\/models.py\", line 4840, in _add_precomputed_values\n    vals[fname] = field.convert_to_write(record[fname], self)\n                                         ~~~~~~^^^^^^^\n  File \"\/home\/odoo\/src\/odoo\/19.0\/odoo\/orm\/models.py\", line 6680, in __getitem__\n    return self._fields[key].__get__(self)\n           ^^^^^^^^^^^^^^^^^^^^^^^^^^^^^^^\n  File \"\/home\/odoo\/src\/odoo\/19.0\/odoo\/orm\/fields_relational.py\", line 45, in __get__\n    return super().__get__(records, owner)\n           ^^^^^^^^^^^^^^^^^^^^^^^^^^^^^^^\n  File \"\/home\/odoo\/src\/odoo\/19.0\/odoo\/orm\/fields.py\", line 1742, in __get__\n    self.compute_value(record)\n  File \"\/home\/odoo\/src\/odoo\/19.0\/odoo\/orm\/fields.py\", line 1908, in compute_value\n    records._compute_field_value(self)\n  File \"\/home\/odoo\/src\/odoo\/19.0\/odoo\/orm\/models.py\", line 4949, in _compute_field_value\n    determine(field.compute, self)\n  File \"\/home\/odoo\/src\/odoo\/19.0\/odoo\/orm\/fields.py\", line 81, in determine\n    return needle(*args)\n           ^^^^^^^^^^^^^\n  File \"\/home\/odoo\/src\/odoo\/19.0\/addons\/account\/models\/account_move_line.py\", line 636, in _compute_account_id\n    .product_tmpl_id.get_product_accounts(fiscal_pos=fiscal_position)\n     ^^^^^^^^^^^^^^^\n  File \"\/home\/odoo\/src\/odoo\/19.0\/odoo\/orm\/fields_relational.py\", line 45, in __get__\n    return super().__get__(records, owner)\n           ^^^^^^^^^^^^^^^^^^^^^^^^^^^^^^^\n  File \"\/home\/odoo\/src\/odoo\/19.0\/odoo\/orm\/fields.py\", line 1703, in __get__\n    raise MissingError(\"\\n\".join([\nodoo.exceptions.MissingError: Record does not exist or has been deleted.\n(Record: product.product(44,), User: 2)\n"}}} 
[2025-12-05 12:40:29] [INFO] [master_invoice_mvp] Sync iniciado {"master_id":"recTkgptl5zIRfCfL"}
[2025-12-05 12:40:30] [ERROR] [master_invoice_mvp] Error reading operation rec1uarCKHVVuytDv: Airtable HTTP error 403: {"error":{"type":"INVALID_PERMISSIONS_OR_MODEL_NOT_FOUND","message":"Invalid permissions, or the requested model was not found. Check that both your user and your token have the required permissions, and that the model names and/or ids are correct."}} 
[2025-12-05 12:40:31] [ERROR] [master_invoice_mvp] Error reading operation rec40tDBs9Gfh4eYY: Airtable HTTP error 403: {"error":{"type":"INVALID_PERMISSIONS_OR_MODEL_NOT_FOUND","message":"Invalid permissions, or the requested model was not found. Check that both your user and your token have the required permissions, and that the model names and/or ids are correct."}} 
[2025-12-05 12:40:32] [ERROR] [master_invoice_mvp] Error reading operation recAzrsIkKZSUgttJ: Airtable HTTP error 403: {"error":{"type":"INVALID_PERMISSIONS_OR_MODEL_NOT_FOUND","message":"Invalid permissions, or the requested model was not found. Check that both your user and your token have the required permissions, and that the model names and/or ids are correct."}} 
[2025-12-05 12:40:33] [ERROR] [master_invoice_mvp] Error reading operation recCPiqQVfc3H4esg: Airtable HTTP error 403: {"error":{"type":"INVALID_PERMISSIONS_OR_MODEL_NOT_FOUND","message":"Invalid permissions, or the requested model was not found. Check that both your user and your token have the required permissions, and that the model names and/or ids are correct."}} 
[2025-12-05 12:40:34] [ERROR] [master_invoice_mvp] Error reading operation recMHhbmbTR8u7uMa: Airtable HTTP error 403: {"error":{"type":"INVALID_PERMISSIONS_OR_MODEL_NOT_FOUND","message":"Invalid permissions, or the requested model was not found. Check that both your user and your token have the required permissions, and that the model names and/or ids are correct."}} 
[2025-12-05 12:40:34] [ERROR] [master_invoice_mvp] Error reading operation recRBCCqJ0DaCFE3T: Airtable HTTP error 403: {"error":{"type":"INVALID_PERMISSIONS_OR_MODEL_NOT_FOUND","message":"Invalid permissions, or the requested model was not found. Check that both your user and your token have the required permissions, and that the model names and/or ids are correct."}} 
[2025-12-05 12:40:35] [ERROR] [master_invoice_mvp] Error reading operation recS6SBnKMM3iZOQk: Airtable HTTP error 403: {"error":{"type":"INVALID_PERMISSIONS_OR_MODEL_NOT_FOUND","message":"Invalid permissions, or the requested model was not found. Check that both your user and your token have the required permissions, and that the model names and/or ids are correct."}} 
[2025-12-05 12:40:36] [ERROR] [master_invoice_mvp] Error reading operation rece92phKBF5pWW6h: Airtable HTTP error 403: {"error":{"type":"INVALID_PERMISSIONS_OR_MODEL_NOT_FOUND","message":"Invalid permissions, or the requested model was not found. Check that both your user and your token have the required permissions, and that the model names and/or ids are correct."}} 
[2025-12-05 12:40:37] [ERROR] [master_invoice_mvp] Error reading operation recmkJrghvAtOluiu: Airtable HTTP error 403: {"error":{"type":"INVALID_PERMISSIONS_OR_MODEL_NOT_FOUND","message":"Invalid permissions, or the requested model was not found. Check that both your user and your token have the required permissions, and that the model names and/or ids are correct."}} 
[2025-12-05 12:40:38] [ERROR] [master_invoice_mvp] Error reading operation reco02rMHI6XvMvDA: Airtable HTTP error 403: {"error":{"type":"INVALID_PERMISSIONS_OR_MODEL_NOT_FOUND","message":"Invalid permissions, or the requested model was not found. Check that both your user and your token have the required permissions, and that the model names and/or ids are correct."}} 
[2025-12-05 12:40:39] [ERROR] [master_invoice_mvp] Error reading operation recDiIqoR27405N0O: Airtable HTTP error 403: {"error":{"type":"INVALID_PERMISSIONS_OR_MODEL_NOT_FOUND","message":"Invalid permissions, or the requested model was not found. Check that both your user and your token have the required permissions, and that the model names and/or ids are correct."}} 
[2025-12-05 12:40:40] [ERROR] [master_invoice_mvp] Error reading operation recUToRJRO5LmKCpx: Airtable HTTP error 403: {"error":{"type":"INVALID_PERMISSIONS_OR_MODEL_NOT_FOUND","message":"Invalid permissions, or the requested model was not found. Check that both your user and your token have the required permissions, and that the model names and/or ids are correct."}} 
[2025-12-05 12:40:42] [DEBUG] [master_invoice_mvp] create en account.move ID=2 {"master_id":"recTkgptl5zIRfCfL","partner_id":12,"total":0}
[2025-12-05 12:40:42] [INFO] [master_invoice_mvp] Sync completado {"master_id":"recTkgptl5zIRfCfL","invoice_id":2,"total":0}
[2025-12-05 12:59:51] [INFO] [master_invoice_mvp] Sync iniciado {"master_id":"rec1Gqm0TWZYeFzcQ"}
[2025-12-05 13:02:20] [INFO] [master_invoice_mvp] Sync iniciado {"master_id":"rec1Gqm0TWZYeFzcQ"}
[2025-12-05 13:11:20] [INFO] [master_invoice_mvp] Sync iniciado {"master_id":"rec1Gqm0TWZYeFzcQ"}
[2025-12-05 13:11:50] [INFO] [master_invoice_mvp] Sync iniciado {"master_id":"rec1Gqm0TWZYeFzcQ"}
[2025-12-05 13:13:39] [INFO] [master_invoice_mvp] Sync iniciado {"master_id":"rec1Gqm0TWZYeFzcQ"}
[2025-12-05 13:14:43] [INFO] [master_invoice_mvp] Sync iniciado {"master_id":"rec1Gqm0TWZYeFzcQ"}
[2025-12-05 13:15:10] [INFO] [master_invoice_mvp] Sync iniciado {"master_id":"rec1Gqm0TWZYeFzcQ"}
[2025-12-05 13:16:37] [INFO] [master_invoice_mvp] Sync iniciado {"master_id":"rec1Gqm0TWZYeFzcQ"}
[2025-12-05 13:16:51] [INFO] [master_invoice_mvp] Sync iniciado {"master_id":"rec1Gqm0TWZYeFzcQ"}
[2025-12-05 13:18:31] [INFO] [master_invoice_mvp] Sync iniciado {"master_id":"rec1Gqm0TWZYeFzcQ"}
[2025-12-05 13:19:08] [INFO] [master_invoice_mvp] Sync iniciado {"master_id":"rec1Gqm0TWZYeFzcQ"}
[2025-12-05 13:19:17] [INFO] [master_invoice_mvp] Sync iniciado {"master_id":"rec1Gqm0TWZYeFzcQ"}
[2025-12-05 13:20:29] [INFO] [master_invoice_mvp] Sync iniciado {"master_id":"rec1Gqm0TWZYeFzcQ"}
[2025-12-05 13:20:56] [INFO] [master_invoice_mvp] Sync iniciado {"master_id":"rec1Gqm0TWZYeFzcQ"}
[2025-12-05 13:21:14] [INFO] [master_invoice_mvp] Sync iniciado {"master_id":"rec1Gqm0TWZYeFzcQ"}
[2025-12-05 13:41:48] [INFO] [master_invoice_mvp] Sync iniciado {"master_id":"rec1Gqm0TWZYeFzcQ"}
[2025-12-05 13:42:52] [INFO] [master_invoice_mvp] Sync iniciado {"master_id":"rec1Gqm0TWZYeFzcQ"}
[2025-12-05 13:43:22] [INFO] [master_invoice_mvp] Sync iniciado {"master_id":"rec1Gqm0TWZYeFzcQ"}
[2025-12-05 13:44:13] [INFO] [master_invoice_mvp] Sync iniciado {"master_id":"rec1Gqm0TWZYeFzcQ"}
[2025-12-05 13:45:11] [INFO] [master_invoice_mvp] Sync iniciado {"master_id":"rec1Gqm0TWZYeFzcQ"}
[2025-12-05 13:46:00] [INFO] [master_invoice_mvp] Sync iniciado {"master_id":"rec1Gqm0TWZYeFzcQ"}
[2025-12-05 13:46:03] [DEBUG] [master_invoice_mvp] read en Operaciones ID=recuU8Mhj2DjQYXRF {"tarifa_venta":2250,"tarifa_compra":1000,"description":"Operacion 128"}
[2025-12-05 13:46:04] [DEBUG] [master_invoice_mvp] read en Operaciones ID=recXPg76gJKYhlRjA {"tarifa_venta":2250,"tarifa_compra":0,"description":"Operacion 127"}
[2025-12-05 13:46:05] [DEBUG] [master_invoice_mvp] read en Operaciones ID=rec8lnjxNwC5Umbt2 {"tarifa_venta":2250,"tarifa_compra":0,"description":"Operacion 126"}
[2025-12-05 13:46:07] [DEBUG] [master_invoice_mvp] create en account.move ID=4 {"master_id":"rec1Gqm0TWZYeFzcQ","partner_id":13,"cliente":"GRUPO ALVAL","total":6750,"lines_count":3}
[2025-12-05 13:46:07] [INFO] [master_invoice_mvp] Sync completado {"master_id":"rec1Gqm0TWZYeFzcQ","invoice_id":4,"total":6750}
[2025-12-05 13:46:28] [INFO] [master_invoice_mvp] Sync iniciado {"master_id":"rec1Gqm0TWZYeFzcQ"}
[2025-12-05 13:46:32] [DEBUG] [master_invoice_mvp] read en Operaciones ID=recuU8Mhj2DjQYXRF {"tarifa_venta":2250,"tarifa_compra":1000,"description":"Operacion 128"}
[2025-12-05 13:46:32] [DEBUG] [master_invoice_mvp] read en Operaciones ID=recXPg76gJKYhlRjA {"tarifa_venta":2250,"tarifa_compra":0,"description":"Operacion 127"}
[2025-12-05 13:46:33] [DEBUG] [master_invoice_mvp] read en Operaciones ID=rec8lnjxNwC5Umbt2 {"tarifa_venta":2250,"tarifa_compra":0,"description":"Operacion 126"}
[2025-12-05 13:46:34] [DEBUG] [master_invoice_mvp] create en account.move ID=5 {"master_id":"rec1Gqm0TWZYeFzcQ","partner_id":13,"cliente":"GRUPO ALVAL","total":6750,"lines_count":3}
[2025-12-05 13:46:34] [INFO] [master_invoice_mvp] Sync completado {"master_id":"rec1Gqm0TWZYeFzcQ","invoice_id":5,"total":6750}
[2025-12-05 13:47:32] [INFO] [master_invoice_mvp] Sync iniciado {"master_id":"rec1Gqm0TWZYeFzcQ"}
[2025-12-05 13:47:35] [DEBUG] [master_invoice_mvp] read en Operaciones ID=recuU8Mhj2DjQYXRF {"tarifa_venta":2250,"tarifa_compra":1000,"description":"Operacion 128"}
[2025-12-05 13:47:36] [DEBUG] [master_invoice_mvp] read en Operaciones ID=recXPg76gJKYhlRjA {"tarifa_venta":2250,"tarifa_compra":0,"description":"Operacion 127"}
[2025-12-05 13:47:37] [DEBUG] [master_invoice_mvp] read en Operaciones ID=rec8lnjxNwC5Umbt2 {"tarifa_venta":2250,"tarifa_compra":0,"description":"Operacion 126"}
[2025-12-05 13:47:40] [DEBUG] [master_invoice_mvp] create en account.move ID=6 {"master_id":"rec1Gqm0TWZYeFzcQ","partner_id":13,"cliente":"GRUPO ALVAL","total":6750,"lines_count":3}
[2025-12-05 13:47:40] [INFO] [master_invoice_mvp] Sync completado {"master_id":"rec1Gqm0TWZYeFzcQ","invoice_id":6,"total":6750}
[2025-12-05 13:48:46] [INFO] [master_invoice_mvp] Sync iniciado {"master_id":"rec1Gqm0TWZYeFzcQ"}
[2025-12-05 13:48:49] [DEBUG] [master_invoice_mvp] read en Operaciones ID=recuU8Mhj2DjQYXRF {"tarifa_venta":2250,"tarifa_compra":1000,"description":"Operacion 128"}
[2025-12-05 13:48:50] [DEBUG] [master_invoice_mvp] read en Operaciones ID=recXPg76gJKYhlRjA {"tarifa_venta":2250,"tarifa_compra":0,"description":"Operacion 127"}
[2025-12-05 13:48:51] [DEBUG] [master_invoice_mvp] read en Operaciones ID=rec8lnjxNwC5Umbt2 {"tarifa_venta":2250,"tarifa_compra":0,"description":"Operacion 126"}
[2025-12-05 13:48:54] [DEBUG] [master_invoice_mvp] create en account.move ID=7 {"master_id":"rec1Gqm0TWZYeFzcQ","partner_id":13,"cliente":"GRUPO ALVAL","total":6750,"lines_count":3}
[2025-12-05 13:48:54] [INFO] [master_invoice_mvp] Sync completado {"master_id":"rec1Gqm0TWZYeFzcQ","invoice_id":7,"total":6750}
[2025-12-05 13:49:20] [INFO] [producto] Sync iniciado 
[2025-12-05 13:49:25] [ERROR] [producto] Fallo al resolver IDs requeridos: No se encontró cuenta de ingresos en Odoo 
[2025-12-05 13:49:39] [INFO] [tarifa] Sync iniciado {"source":"airtable"}
[2025-12-05 13:49:44] [ERROR] [tarifa] Error al crear registro en sale.pricelist 
[2025-12-05 13:51:01] [INFO] [producto] Sync iniciado 
[2025-12-05 13:51:05] [ERROR] [producto] Fallo al resolver IDs requeridos: No se encontró cuenta de ingresos en Odoo 
[2025-12-05 13:51:21] [INFO] [tarifa] Sync iniciado {"source":"airtable"}
[2025-12-05 13:51:23] [ERROR] [tarifa] Error al crear registro en sale.pricelist 
[2025-12-05 13:53:44] [INFO] [producto] Sync iniciado 
[2025-12-05 13:53:55] [ERROR] [producto] Fallo al resolver IDs requeridos: No se encontró ninguna cuenta contable en Odoo 
[2025-12-05 13:55:28] [INFO] [producto] Sync iniciado 
[2025-12-05 13:55:38] [ERROR] [producto] No se obtuvo ID del producto creado {"product":"Transporte"}
[2025-12-05 13:55:39] [ERROR] [producto] No se obtuvo ID del producto creado {"product":"Flete"}
[2025-12-05 13:55:40] [ERROR] [producto] No se obtuvo ID del producto creado {"product":"Estadía"}
[2025-12-05 13:55:40] [INFO] [producto] Sync completado {"created":0,"updated":0,"errors":3}
[2025-12-05 13:55:52] [INFO] [tarifa] Sync iniciado {"source":"airtable"}
[2025-12-05 13:55:55] [ERROR] [tarifa] Airtable HTTP error 403: {"error":{"type":"INVALID_PERMISSIONS_OR_MODEL_NOT_FOUND","message":"Invalid permissions, or the requested model was not found. Check that both your user and your token have the required permissions, and that the model names and/or ids are correct."}} 
[2025-12-05 13:56:07] [INFO] [tarifa] Sync iniciado {"source":"airtable"}
[2025-12-05 13:56:09] [ERROR] [tarifa] Airtable HTTP error 403: {"error":{"type":"INVALID_PERMISSIONS_OR_MODEL_NOT_FOUND","message":"Invalid permissions, or the requested model was not found. Check that both your user and your token have the required permissions, and that the model names and/or ids are correct."}} 
[2025-12-05 13:57:31] [INFO] [tarifa] Sync iniciado {"source":"airtable"}
[2025-12-05 13:57:33] [INFO] [tarifa] Sync completado {"created":0,"updated":0,"errors":0}
[2025-12-05 13:57:52] [INFO] [producto] Sync iniciado 
[2025-12-05 13:58:03] [ERROR] [producto] No se obtuvo ID del producto creado {"product":"Transporte"}
[2025-12-05 13:58:04] [ERROR] [producto] No se obtuvo ID del producto creado {"product":"Flete"}
[2025-12-05 13:58:05] [ERROR] [producto] No se obtuvo ID del producto creado {"product":"Estadía"}
[2025-12-05 13:58:05] [INFO] [producto] Sync completado {"created":0,"updated":0,"errors":3}
[2025-12-05 13:58:07] [INFO] [tarifa] Sync iniciado {"source":"airtable"}
[2025-12-05 13:58:08] [INFO] [tarifa] Sync completado {"created":0,"updated":0,"errors":0}
[2025-12-05 13:58:10] [INFO] [master_invoice_mvp] Sync iniciado {"master_id":"rec1Gqm0TWZYeFzcQ"}
[2025-12-05 13:58:13] [DEBUG] [master_invoice_mvp] read en Operaciones ID=recuU8Mhj2DjQYXRF {"tarifa_venta":2250,"tarifa_compra":1000,"description":"Operacion 128"}
[2025-12-05 13:58:14] [DEBUG] [master_invoice_mvp] read en Operaciones ID=recXPg76gJKYhlRjA {"tarifa_venta":2250,"tarifa_compra":0,"description":"Operacion 127"}
[2025-12-05 13:58:15] [DEBUG] [master_invoice_mvp] read en Operaciones ID=rec8lnjxNwC5Umbt2 {"tarifa_venta":2250,"tarifa_compra":0,"description":"Operacion 126"}
[2025-12-05 13:58:16] [DEBUG] [master_invoice_mvp] create en account.move ID=8 {"master_id":"rec1Gqm0TWZYeFzcQ","partner_id":13,"cliente":"GRUPO ALVAL","total":6750,"lines_count":3}
[2025-12-05 13:58:16] [INFO] [master_invoice_mvp] Sync completado {"master_id":"rec1Gqm0TWZYeFzcQ","invoice_id":8,"total":6750}
[2025-12-05 14:06:31] [INFO] [master_invoice] Sync iniciado {"master_id":"rec1Gqm0TWZYeFzcQ"}
[2025-12-05 14:06:52] [INFO] [master_invoice] Sync iniciado {"master_id":"rec1Gqm0TWZYeFzcQ"}
[2025-12-05 14:07:24] [INFO] [master_invoice_mvp] Sync iniciado {"master_id":"rec1Gqm0TWZYeFzcQ"}
[2025-12-05 14:07:27] [DEBUG] [master_invoice_mvp] read en Operaciones ID=recuU8Mhj2DjQYXRF {"tarifa_venta":2250,"tarifa_compra":1000,"description":"Operacion 128"}
[2025-12-05 14:07:28] [DEBUG] [master_invoice_mvp] read en Operaciones ID=recXPg76gJKYhlRjA {"tarifa_venta":2250,"tarifa_compra":0,"description":"Operacion 127"}
[2025-12-05 14:07:29] [DEBUG] [master_invoice_mvp] read en Operaciones ID=rec8lnjxNwC5Umbt2 {"tarifa_venta":2250,"tarifa_compra":0,"description":"Operacion 126"}
[2025-12-05 14:07:30] [DEBUG] [master_invoice_mvp] create en account.move ID=9 {"master_id":"rec1Gqm0TWZYeFzcQ","partner_id":13,"cliente":"GRUPO ALVAL","total":6750,"lines_count":3}
[2025-12-05 14:07:30] [INFO] [master_invoice_mvp] Sync completado {"master_id":"rec1Gqm0TWZYeFzcQ","invoice_id":9,"total":6750}
[2025-12-05 14:08:36] [INFO] [master_invoice] Sync iniciado {"master_id":"rec1Gqm0TWZYeFzcQ"}
[2025-12-05 14:09:30] [INFO] [master_invoice] Sync iniciado {"master_id":"rec1Gqm0TWZYeFzcQ"}
[2025-12-05 14:09:46] [INFO] [master_invoice] Sync iniciado {"master_id":"rec1Gqm0TWZYeFzcQ"}
[2025-12-05 14:10:20] [INFO] [master_invoice] Sync iniciado {"master_id":"rec1Gqm0TWZYeFzcQ"}
[2025-12-05 14:11:07] [INFO] [master_invoice] Sync iniciado {"master_id":"rec1Gqm0TWZYeFzcQ"}
[2025-12-05 14:11:18] [WARNING] [master_invoice] No se pudo actualizar Airtable 
[2025-12-05 14:11:18] [INFO] [master_invoice] Sync completado {"master_id":"rec1Gqm0TWZYeFzcQ","master_name":"MASTER-2025-11-48-rec9A","company":"ar","invoice":{"id":10,"name":false,"state":"draft","amount_total":8167.5,"amount_untaxed":6750,"country":"ar"},"total":6750,"lines_count":3}
[2025-12-05 14:11:44] [INFO] [master_invoice] Sync iniciado {"master_id":"rec1Gqm0TWZYeFzcQ"}
[2025-12-05 14:11:52] [WARNING] [master_invoice] No se pudo actualizar Airtable 
[2025-12-05 14:11:52] [INFO] [master_invoice] Sync completado {"master_id":"rec1Gqm0TWZYeFzcQ","master_name":"MASTER-2025-11-48-rec9A","company":"ar","invoice":{"id":11,"name":false,"state":"draft","amount_total":8167.5,"amount_untaxed":6750,"country":"ar"},"total":6750,"lines_count":3}
[2025-12-05 14:39:25] [INFO] [master_process] Sync iniciado {"master_id":"rec0Yo1wyrGYzo6n2"}
[2025-12-05 14:39:33] [WARNING] [master_process] No se pudo actualizar Airtable: Airtable HTTP error 422: {"error":{"type":"UNKNOWN_FIELD_NAME","message":"Unknown field name: \"odoo_partner_id_ar\""}} 
[2025-12-05 14:39:33] [INFO] [master_process] Sync completado {"master_id":"rec0Yo1wyrGYzo6n2","master_name":"MASTER-2025-11-49-1","company_venta":"ar","partner":{"id":14,"action":"updated","name":"Cliente sin nombre"},"analytic":{"id":8,"action":"created","name":"MASTER-MASTER-2025-11-49-1"}}
[2025-12-05 14:39:33] [INFO] [master_invoice] Sync iniciado {"master_id":"rec0Yo1wyrGYzo6n2"}
[2025-12-05 14:39:38] [INFO] [master_process] Sync iniciado {"master_id":"rec1F8j6eQfQoork2"}
[2025-12-05 14:39:47] [WARNING] [master_process] No se pudo actualizar Airtable: Airtable HTTP error 422: {"error":{"type":"UNKNOWN_FIELD_NAME","message":"Unknown field name: \"odoo_partner_id_cl\""}} 
[2025-12-05 14:39:47] [INFO] [master_process] Sync completado {"master_id":"rec1F8j6eQfQoork2","master_name":"MASTER-2025-11-49-rec1X","company_venta":"cl","partner":{"id":14,"action":"updated","name":"Cliente sin nombre"},"analytic":{"id":9,"action":"created","name":"MASTER-MASTER-2025-11-49-rec1X"}}
[2025-12-05 14:39:47] [INFO] [master_invoice] Sync iniciado {"master_id":"rec1F8j6eQfQoork2"}
[2025-12-05 14:40:21] [INFO] [master_process] Sync iniciado {"master_id":"rec0Yo1wyrGYzo6n2"}
[2025-12-05 14:40:26] [WARNING] [master_process] No se pudo actualizar Airtable: Airtable HTTP error 422: {"error":{"type":"UNKNOWN_FIELD_NAME","message":"Unknown field name: \"odoo_partner_id_ar\""}} 
[2025-12-05 14:40:26] [INFO] [master_process] Sync completado {"master_id":"rec0Yo1wyrGYzo6n2","master_name":"MASTER-2025-11-49-1","company_venta":"ar","partner":{"id":14,"action":"updated","name":"Cliente sin nombre"},"analytic":{"id":8,"action":"existing","name":"MASTER-MASTER-2025-11-49-1"}}
[2025-12-05 14:40:26] [INFO] [master_invoice] Sync iniciado {"master_id":"rec0Yo1wyrGYzo6n2"}
[2025-12-05 14:40:31] [INFO] [master_process] Sync iniciado {"master_id":"rec1F8j6eQfQoork2"}
[2025-12-05 14:40:36] [WARNING] [master_process] No se pudo actualizar Airtable: Airtable HTTP error 422: {"error":{"type":"UNKNOWN_FIELD_NAME","message":"Unknown field name: \"odoo_partner_id_cl\""}} 
[2025-12-05 14:40:36] [INFO] [master_process] Sync completado {"master_id":"rec1F8j6eQfQoork2","master_name":"MASTER-2025-11-49-rec1X","company_venta":"cl","partner":{"id":14,"action":"updated","name":"Cliente sin nombre"},"analytic":{"id":9,"action":"existing","name":"MASTER-MASTER-2025-11-49-rec1X"}}
[2025-12-05 14:40:36] [INFO] [master_invoice] Sync iniciado {"master_id":"rec1F8j6eQfQoork2"}
[2025-12-05 14:41:45] [INFO] [master_invoice] Sync iniciado {"master_id":"rec1Gqm0TWZYeFzcQ"}
[2025-12-05 14:41:54] [WARNING] [master_invoice] No se pudo actualizar Airtable 
[2025-12-05 14:41:54] [INFO] [master_invoice] Sync completado {"master_id":"rec1Gqm0TWZYeFzcQ","master_name":"MASTER-2025-11-48-rec9A","company":"ar","invoice":{"id":12,"name":false,"state":"draft","amount_total":8167.5,"amount_untaxed":6750,"country":"ar"},"total":6750,"lines_count":3}
[2025-12-05 14:41:55] [INFO] [master_invoice] Sync iniciado {"master_id":"rec1Gqm0TWZYeFzcQ"}
[2025-12-05 14:42:05] [WARNING] [master_invoice] No se pudo actualizar Airtable 
[2025-12-05 14:42:05] [INFO] [master_invoice] Sync completado {"master_id":"rec1Gqm0TWZYeFzcQ","master_name":"MASTER-2025-11-48-rec9A","company":"cl","invoice":{"id":13,"name":false,"state":"draft","amount_total":8033,"amount_untaxed":6750,"country":"cl"},"total":6750,"lines_count":3}
[2025-12-05 14:42:18] [INFO] [master_invoice] Sync iniciado {"master_id":"rec1Gqm0TWZYeFzcQ"}
[2025-12-05 14:42:27] [WARNING] [master_invoice] No se pudo actualizar Airtable 
[2025-12-05 14:42:27] [INFO] [master_invoice] Sync completado {"master_id":"rec1Gqm0TWZYeFzcQ","master_name":"MASTER-2025-11-48-rec9A","company":"ar","invoice":{"id":14,"name":false,"state":"draft","amount_total":8167.5,"amount_untaxed":6750,"country":"ar"},"total":6750,"lines_count":3}
[2025-12-05 14:42:28] [INFO] [master_invoice] Sync iniciado {"master_id":"rec1Gqm0TWZYeFzcQ"}
[2025-12-05 14:42:37] [WARNING] [master_invoice] No se pudo actualizar Airtable 
[2025-12-05 14:42:37] [INFO] [master_invoice] Sync completado {"master_id":"rec1Gqm0TWZYeFzcQ","master_name":"MASTER-2025-11-48-rec9A","company":"cl","invoice":{"id":15,"name":false,"state":"draft","amount_total":8033,"amount_untaxed":6750,"country":"cl"},"total":6750,"lines_count":3}
[2025-12-05 14:42:47] [INFO] [master_invoice] Sync iniciado {"master_id":"rec1Gqm0TWZYeFzcQ"}
[2025-12-05 14:42:58] [WARNING] [master_invoice] No se pudo actualizar Airtable 
[2025-12-05 14:42:58] [INFO] [master_invoice] Sync completado {"master_id":"rec1Gqm0TWZYeFzcQ","master_name":"MASTER-2025-11-48-rec9A","company":"ar","invoice":{"id":16,"name":false,"state":"draft","amount_total":8167.5,"amount_untaxed":6750,"country":"ar"},"total":6750,"lines_count":3}
[2025-12-05 14:42:59] [INFO] [master_invoice] Sync iniciado {"master_id":"rec1Gqm0TWZYeFzcQ"}
[2025-12-05 14:43:07] [WARNING] [master_invoice] No se pudo actualizar Airtable 
[2025-12-05 14:43:07] [INFO] [master_invoice] Sync completado {"master_id":"rec1Gqm0TWZYeFzcQ","master_name":"MASTER-2025-11-48-rec9A","company":"cl","invoice":{"id":17,"name":false,"state":"draft","amount_total":8033,"amount_untaxed":6750,"country":"cl"},"total":6750,"lines_count":3}
[2025-12-05 14:50:39] [INFO] [master_process] Sync iniciado {"master_id":"rec1Gqm0TWZYeFzcQ"}
[2025-12-05 14:50:44] [WARNING] [master_process] No se pudo actualizar Airtable: Airtable HTTP error 422: {"error":{"type":"UNKNOWN_FIELD_NAME","message":"Unknown field name: \"odoo_partner_id_ar\""}} 
[2025-12-05 14:50:44] [INFO] [master_process] Sync completado {"master_id":"rec1Gqm0TWZYeFzcQ","master_name":"MASTER-2025-11-48-rec9A","company_venta":"ar","partner":{"id":14,"action":"updated","name":"Cliente sin nombre"},"analytic":{"id":7,"action":"existing","name":"MASTER-MASTER-2025-11-48-rec9A"}}
[2025-12-05 14:50:44] [INFO] [master_invoice] Sync iniciado {"master_id":"rec1Gqm0TWZYeFzcQ"}
[2025-12-05 14:50:54] [WARNING] [master_invoice] No se pudo actualizar Airtable 
[2025-12-05 14:50:54] [INFO] [master_invoice] Sync completado {"master_id":"rec1Gqm0TWZYeFzcQ","master_name":"MASTER-2025-11-48-rec9A","company":"ar","invoice":{"id":18,"name":false,"state":"draft","amount_total":8167.5,"amount_untaxed":6750,"country":"ar"},"total":6750,"lines_count":3}
[2025-12-05 14:50:55] [INFO] [master_process] Sync iniciado {"master_id":"rec1Gqm0TWZYeFzcQ"}
[2025-12-05 14:51:00] [WARNING] [master_process] No se pudo actualizar Airtable: Airtable HTTP error 422: {"error":{"type":"UNKNOWN_FIELD_NAME","message":"Unknown field name: \"odoo_partner_id_cl\""}} 
[2025-12-05 14:51:00] [INFO] [master_process] Sync completado {"master_id":"rec1Gqm0TWZYeFzcQ","master_name":"MASTER-2025-11-48-rec9A","company_venta":"cl","partner":{"id":14,"action":"updated","name":"Cliente sin nombre"},"analytic":{"id":10,"action":"existing","name":"MASTER-MASTER-2025-11-48-rec9A"}}
[2025-12-05 14:51:00] [INFO] [master_invoice] Sync iniciado {"master_id":"rec1Gqm0TWZYeFzcQ"}
[2025-12-05 14:51:09] [WARNING] [master_invoice] No se pudo actualizar Airtable 
[2025-12-05 14:51:09] [INFO] [master_invoice] Sync completado {"master_id":"rec1Gqm0TWZYeFzcQ","master_name":"MASTER-2025-11-48-rec9A","company":"cl","invoice":{"id":19,"name":false,"state":"draft","amount_total":8033,"amount_untaxed":6750,"country":"cl"},"total":6750,"lines_count":3}
